[ 2017-11-14T11:25:37+08:00 ] ::1 /demo1/index.php/home/search/do_search
ERR: 1064:You have an error in your SQL syntax; check the manual that corresponds to your MySQL server version for the right syntax to use near '0, 5' at line 1
 [ SQL语句 ] : select * from reg_infoLimit 0, 5

[ 2017-11-14T11:25:48+08:00 ] ::1 /demo1/index.php/home/search/do_search
ERR: 1064:You have an error in your SQL syntax; check the manual that corresponds to your MySQL server version for the right syntax to use near '0, 5' at line 1
 [ SQL语句 ] : select * from reg_infoLimit 0, 5

[ 2017-11-14T11:25:49+08:00 ] ::1 /demo1/index.php/home/search/do_search?&page=2
ERR: 1064:You have an error in your SQL syntax; check the manual that corresponds to your MySQL server version for the right syntax to use near '5, 5' at line 1
 [ SQL语句 ] : select * from reg_infoLimit 5, 5

[ 2017-11-14T11:25:50+08:00 ] ::1 /demo1/index.php/home/search/%3Euri}&page=1
ERR: 非法操作:>uri}&page=1

[ 2017-11-14T11:27:20+08:00 ] ::1 /demo1/index.php/home/search/do_search
ERR: 1064:You have an error in your SQL syntax; check the manual that corresponds to your MySQL server version for the right syntax to use near '0, 5' at line 1
 [ SQL语句 ] : select * from reg_infoLimit 0, 5

[ 2017-11-14T11:32:49+08:00 ] ::1 /demo1/index.php/home/search/do_search
ERR: 1064:You have an error in your SQL syntax; check the manual that corresponds to your MySQL server version for the right syntax to use near '0, 5' at line 1
 [ SQL语句 ] : select * from reg_infoLimit 0, 5

[ 2017-11-14T11:43:44+08:00 ] ::1 /demo1/index.php/home/Admin/page
ERR: 1064:You have an error in your SQL syntax; check the manual that corresponds to your MySQL server version for the right syntax to use near '0, 5' at line 1
 [ SQL语句 ] : select * from reg_infoLimit 0, 5

[ 2017-11-14T11:43:50+08:00 ] ::1 /demo1/index.php/home/Admin/page?&page=2
ERR: 1064:You have an error in your SQL syntax; check the manual that corresponds to your MySQL server version for the right syntax to use near '5, 5' at line 1
 [ SQL语句 ] : select * from reg_infoLimit 5, 5

[ 2017-11-14T11:43:51+08:00 ] ::1 /demo1/index.php/home/Admin/%3Euri}&page=1
ERR: 非法操作:>uri}&page=1

[ 2017-11-14T11:43:57+08:00 ] ::1 /demo1/index.php/home/Admin/%3Euri}&page=1
ERR: 非法操作:>uri}&page=1

[ 2017-11-14T11:44:01+08:00 ] ::1 /demo1/index.php/home/Admin/%3Euri}&page=1
ERR: 非法操作:>uri}&page=1

[ 2017-11-14T11:44:08+08:00 ] ::1 /demo1/index.php/home/Admin/page?&page=2
ERR: 1064:You have an error in your SQL syntax; check the manual that corresponds to your MySQL server version for the right syntax to use near '5, 5' at line 1
 [ SQL语句 ] : select * from reg_infoLimit 5, 5

[ 2017-11-14T11:44:09+08:00 ] ::1 /demo1/index.php/home/Admin/page
ERR: 1064:You have an error in your SQL syntax; check the manual that corresponds to your MySQL server version for the right syntax to use near '0, 5' at line 1
 [ SQL语句 ] : select * from reg_infoLimit 0, 5

[ 2017-11-14T11:44:09+08:00 ] ::1 /demo1/index.php/home/Admin/page
ERR: 1064:You have an error in your SQL syntax; check the manual that corresponds to your MySQL server version for the right syntax to use near '0, 5' at line 1
 [ SQL语句 ] : select * from reg_infoLimit 0, 5

[ 2017-11-14T11:44:55+08:00 ] ::1 /demo1/index.php/home/Admin/page
ERR: 1064:You have an error in your SQL syntax; check the manual that corresponds to your MySQL server version for the right syntax to use near '0, 5' at line 1
 [ SQL语句 ] : select * from reg_infoLimit 0, 5

[ 2017-11-14T11:45:36+08:00 ] ::1 /demo1/index.php/home/Admin/page
ERR: 1064:You have an error in your SQL syntax; check the manual that corresponds to your MySQL server version for the right syntax to use near '0, 5' at line 1
 [ SQL语句 ] : select * from reg_infoLimit 0, 5

[ 2017-11-14T11:45:39+08:00 ] ::1 /demo1/index.php/home/Admin/page
ERR: 1064:You have an error in your SQL syntax; check the manual that corresponds to your MySQL server version for the right syntax to use near '0, 5' at line 1
 [ SQL语句 ] : select * from reg_infoLimit 0, 5

[ 2017-11-14T11:46:03+08:00 ] ::1 /demo1/index.php/home/Admin/page
ERR: 1064:You have an error in your SQL syntax; check the manual that corresponds to your MySQL server version for the right syntax to use near '0, 5' at line 1
 [ SQL语句 ] : select * from reg_infoLimit 0, 5

[ 2017-11-14T11:46:38+08:00 ] ::1 /demo1/index.php/home/Admin/page
ERR: 1064:You have an error in your SQL syntax; check the manual that corresponds to your MySQL server version for the right syntax to use near '0, 5' at line 1
 [ SQL语句 ] : select * from reg_infoLimit 0, 5

[ 2017-11-14T11:47:07+08:00 ] ::1 /demo1/index.php/home/Admin/page
ERR: 1064:You have an error in your SQL syntax; check the manual that corresponds to your MySQL server version for the right syntax to use near '0, 5' at line 1
 [ SQL语句 ] : select * from reg_infoLimit 0, 5

[ 2017-11-14T11:47:08+08:00 ] ::1 /demo1/index.php/home/Admin/page
ERR: 1064:You have an error in your SQL syntax; check the manual that corresponds to your MySQL server version for the right syntax to use near '0, 5' at line 1
 [ SQL语句 ] : select * from reg_infoLimit 0, 5

[ 2017-11-14T11:50:45+08:00 ] ::1 /demo1/index.php/home/Admin/page
ERR: 1064:You have an error in your SQL syntax; check the manual that corresponds to your MySQL server version for the right syntax to use near '0, 5' at line 1
 [ SQL语句 ] : select * from reg_infoLimit 0, 5

[ 2017-11-14T11:51:55+08:00 ] ::1 /demo1/index.php/home/Admin/page
ERR: 1064:You have an error in your SQL syntax; check the manual that corresponds to your MySQL server version for the right syntax to use near '0, 5' at line 1
 [ SQL语句 ] : select * from reg_infoLimit 0, 5

[ 2017-11-14T11:52:31+08:00 ] ::1 /demo1/index.php/home/Admin/page
ERR: 1064:You have an error in your SQL syntax; check the manual that corresponds to your MySQL server version for the right syntax to use near '0, 5' at line 1
 [ SQL语句 ] : select * from reg_infoLimit 0, 5

[ 2017-11-14T11:58:35+08:00 ] ::1 /demo1/index.php/home/Admin/page
ERR: Think\Model:mysql_query方法不存在！

[ 2017-11-14T11:58:48+08:00 ] ::1 /demo1/index.php/home/Admin/page
ERR: 1064:You have an error in your SQL syntax; check the manual that corresponds to your MySQL server version for the right syntax to use near '0, 5' at line 1
 [ SQL语句 ] : select * from reg_infoLimit 0, 5

[ 2017-11-14T12:00:36+08:00 ] ::1 /demo1/index.php/home/Admin/page
ERR: 1064:You have an error in your SQL syntax; check the manual that corresponds to your MySQL server version for the right syntax to use near '0, 5' at line 1
 [ SQL语句 ] : select * from reg.reg_infoLimit 0, 5

[ 2017-11-14T12:00:37+08:00 ] ::1 /demo1/index.php/home/Admin/page
ERR: 1064:You have an error in your SQL syntax; check the manual that corresponds to your MySQL server version for the right syntax to use near '0, 5' at line 1
 [ SQL语句 ] : select * from reg.reg_infoLimit 0, 5

[ 2017-11-14T12:00:38+08:00 ] ::1 /demo1/index.php/home/Admin/page
ERR: 1064:You have an error in your SQL syntax; check the manual that corresponds to your MySQL server version for the right syntax to use near '0, 5' at line 1
 [ SQL语句 ] : select * from reg.reg_infoLimit 0, 5

[ 2017-11-14T12:00:38+08:00 ] ::1 /demo1/index.php/home/Admin/page
ERR: 1064:You have an error in your SQL syntax; check the manual that corresponds to your MySQL server version for the right syntax to use near '0, 5' at line 1
 [ SQL语句 ] : select * from reg.reg_infoLimit 0, 5

[ 2017-11-14T12:04:09+08:00 ] ::1 /demo1/index.php/home/Admin/page
ERR: 1064:You have an error in your SQL syntax; check the manual that corresponds to your MySQL server version for the right syntax to use near '0, 5' at line 1
 [ SQL语句 ] : select * from reg_infoLimit 0, 5

[ 2017-11-14T12:04:10+08:00 ] ::1 /demo1/index.php/home/Admin/page
ERR: 1064:You have an error in your SQL syntax; check the manual that corresponds to your MySQL server version for the right syntax to use near '0, 5' at line 1
 [ SQL语句 ] : select * from reg_infoLimit 0, 5

[ 2017-11-14T12:04:10+08:00 ] ::1 /demo1/index.php/home/Admin/page
ERR: 1064:You have an error in your SQL syntax; check the manual that corresponds to your MySQL server version for the right syntax to use near '0, 5' at line 1
 [ SQL语句 ] : select * from reg_infoLimit 0, 5

[ 2017-11-14T12:04:10+08:00 ] ::1 /demo1/index.php/home/Admin/page
ERR: 1064:You have an error in your SQL syntax; check the manual that corresponds to your MySQL server version for the right syntax to use near '0, 5' at line 1
 [ SQL语句 ] : select * from reg_infoLimit 0, 5

[ 2017-11-14T12:04:11+08:00 ] ::1 /demo1/index.php/home/Admin/page
ERR: 1064:You have an error in your SQL syntax; check the manual that corresponds to your MySQL server version for the right syntax to use near '0, 5' at line 1
 [ SQL语句 ] : select * from reg_infoLimit 0, 5

